<?xml version="1.0" encoding="UTF-8"?>
<!-- Generated by org.testng.reporters.JUnitXMLReporter -->
<testsuite ignored="0" hostname="LAPTOP-T3POTC88" failures="1" tests="1" name="Submit order test" time="0.058" errors="0" timestamp="2024-11-24T13:37:34 IST">
  <testcase classname="FrameWorkSelenium.test.StandaloneDesign2PageObject" name="submitOrder" time="0.0">
    <failure type="java.lang.RuntimeException" message="java.lang.NoSuchMethodError: &amp;apos;java.lang.String org.apache.commons.io.FileUtils.readFileToString(java.io.File, java.nio.charset.Charset)&amp;apos;">
      <![CDATA[java.lang.RuntimeException: java.lang.NoSuchMethodError: 'java.lang.String org.apache.commons.io.FileUtils.readFileToString(java.io.File, java.nio.charset.Charset)'
at java.base/java.util.ArrayList.forEach(ArrayList.java:1596)
at java.base/java.util.concurrent.FutureTask.run(FutureTask.java:317)
at java.base/java.util.concurrent.ThreadPoolExecutor.runWorker(ThreadPoolExecutor.java:1144)
at java.base/java.util.concurrent.ThreadPoolExecutor$Worker.run(ThreadPoolExecutor.java:642)
at java.base/java.lang.Thread.run(Thread.java:1583)
Caused by: java.lang.NoSuchMethodError: 'java.lang.String org.apache.commons.io.FileUtils.readFileToString(java.io.File, java.nio.charset.Charset)'
at FrameWorkSelenium.BaseTestComopents.BaseTest.getJsonDataToMap(BaseTest.java:61)
at FrameWorkSelenium.test.StandaloneDesign2PageObject.getData(StandaloneDesign2PageObject.java:123)
... 19 more
... Removed 20 stack frames]]>
    </failure>
  </testcase> <!-- submitOrder -->
</testsuite> <!-- Submit order test -->
