<!DOCTYPE html PUBLIC "-//W3C//DTD XHTML 1.1//EN" "https://www.w3.org/TR/xhtml11/DTD/xhtml11.dtd">
<html xmlns="https://www.w3.org/1999/xhtml">
<head>
<meta http-equiv="content-type" content="text/html; charset=UTF-8"/>
<title>TestNG Report</title>
<style type="text/css">table {margin-bottom:10px;border-collapse:collapse;empty-cells:show}th,td {border:1px solid #009;padding:.25em .5em}th {vertical-align:bottom}td {vertical-align:top}table a {font-weight:bold}.stripe td {background-color: #E6EBF9}.num {text-align:right}.passedodd td {background-color: #3F3}.passedeven td {background-color: #0A0}.skippedodd td {background-color: #DDD}.skippedeven td {background-color: #CCC}.failedodd td,.attn {background-color: #F33}.failedeven td,.stripe .attn {background-color: #D00}.stacktrace {white-space:pre;font-family:monospace}.totop {font-size:85%;text-align:center;border-bottom:2px solid #000}.invisible {display:none}</style>
</head>
<body>
<table>
<tr><th>Test</th><th># Passed</th><th># Skipped</th><th># Retried</th><th># Failed</th><th>Time (ms)</th><th>Included Groups</th><th>Excluded Groups</th></tr>
<tr><th colspan="8">Suite</th></tr>
<tr><td><a href="#t0">StandaloneDesign2PageObject</a></td><td class="num">0</td><td class="num attn">1</td><td class="num">0</td><td class="num attn">2</td><td class="num">17,630</td><td></td><td></td></tr>
<tr class="stripe"><td><a href="#t1">ErrorValidations</a></td><td class="num">0</td><td class="num">0</td><td class="num attn">1</td><td class="num attn">2</td><td class="num">72,488</td><td></td><td></td></tr>
<tr><th>Total</th><th class="num">0</th><th class="num attn">1</th><th class="num attn">1</th><th class="num attn">4</th><th class="num">90,118</th><th colspan="2"></th></tr>
</table>
<table id='summary'><thead><tr><th>Class</th><th>Method</th><th>Start</th><th>Time (ms)</th></tr></thead><tbody><tr><th colspan="4">Suite</th></tr></tbody><tbody id="t0"><tr><th colspan="4">StandaloneDesign2PageObject &#8212; failed</th></tr><tr class="failedeven"><td rowspan="2">FrameWorkSelenium.test.StandaloneDesign2PageObject</td><td><a href="#m0">submitOrder</a></td><td rowspan="2">1732978923969</td><td rowspan="2">1780</td></tr><tr class="failedeven"><td><a href="#m1">submitOrder</a></td></tr><tr><th colspan="4">StandaloneDesign2PageObject &#8212; skipped</th></tr><tr class="skippedeven"><td rowspan="1">FrameWorkSelenium.test.StandaloneDesign2PageObject</td><td><a href="#m2">OrderHistoryTest</a></td><td rowspan="1">1732978933039</td><td rowspan="1">0</td></tr></tbody>
<tbody id="t1"><tr><th colspan="4">ErrorValidations &#8212; failed</th></tr><tr class="failedeven"><td rowspan="2">FrameWorkSelenium.test.ErrorValidations</td><td><a href="#m3">ErrorsubmitOrder</a></td><td rowspan="1">1732978950225</td><td rowspan="1">20340</td></tr><tr class="failedeven"><td><a href="#m4">submitOrder1</a></td><td rowspan="1">1732978976697</td><td rowspan="1">10320</td></tr><tr><th colspan="4">ErrorValidations &#8212; retried</th></tr><tr class="retriedeven"><td rowspan="1">FrameWorkSelenium.test.ErrorValidations</td><td><a href="#m5">ErrorsubmitOrder</a></td><td rowspan="1">1732978923673</td><td rowspan="1">20410</td></tr></tbody>
</table>
<h2>StandaloneDesign2PageObject</h2><h3 id="m0">FrameWorkSelenium.test.StandaloneDesign2PageObject#submitOrder</h3><table class="result"><tr class="param"><th>Parameter #1</th></tr><tr class="param stripe"><td>{email1=chuppishetty3@gmail.com, productName1=ADIDAS ORIGINAL, password1=Chuppishetty3}</td></tr><tr><th>Exception</th></tr><tr><td><div class="stacktrace">org.openqa.selenium.ElementClickInterceptedException: Element &lt;button class=&quot;btn btn-custom&quot;&gt; is not clickable at point (1297,27) because another element &lt;div class=&quot;ngx-spinner-overlay ng-tns-c31-1 ng-trigger ng-trigger-fadeIn ng-star-inserted ng-animating&quot;&gt; obscures it
Build info: version: &apos;4.24.0&apos;, revision: &apos;748ffc9bc3&apos;
System info: os.name: &apos;Windows 11&apos;, os.arch: &apos;amd64&apos;, os.version: &apos;10.0&apos;, java.version: &apos;21.0.1&apos;
Driver info: org.openqa.selenium.firefox.FirefoxDriver
Command: [4009e5a1-037c-403e-a13e-568cf887f45e, clickElement {id=3af2bba4-98d3-4b8d-8087-f86a13e359bb}]
Capabilities {acceptInsecureCerts: true, browserName: firefox, browserVersion: 133.0, moz:accessibilityChecks: false, moz:buildID: 20241121140525, moz:debuggerAddress: 127.0.0.1:46080, moz:geckodriverVersion: 0.35.0, moz:headless: false, moz:platformVersion: 10.0, moz:processID: 17772, moz:profile: C:\Users\supre\AppData\Loca..., moz:shutdownTimeout: 60000, moz:webdriverClick: true, moz:windowless: false, pageLoadStrategy: normal, platformName: windows, proxy: Proxy(), se:cdp: ws://127.0.0.1:46080/devtoo..., se:cdpVersion: 85.0, setWindowRect: true, strictFileInteractability: false, timeouts: {implicit: 0, pageLoad: 300000, script: 30000}, unhandledPromptBehavior: dismiss and notify, userAgent: Mozilla/5.0 (Windows NT 10....}
Element: [[FirefoxDriver: firefox on windows (4009e5a1-037c-403e-a13e-568cf887f45e)] -&gt; css selector: [routerlink*=&apos;cart&apos;]]
Session ID: 4009e5a1-037c-403e-a13e-568cf887f45e
	at org.openqa.selenium.remote.ErrorCodec.decode(ErrorCodec.java:167)
	at org.openqa.selenium.remote.codec.w3c.W3CHttpResponseCodec.decode(W3CHttpResponseCodec.java:138)
	at org.openqa.selenium.remote.codec.w3c.W3CHttpResponseCodec.decode(W3CHttpResponseCodec.java:50)
	at org.openqa.selenium.remote.HttpCommandExecutor.execute(HttpCommandExecutor.java:190)
	at org.openqa.selenium.remote.service.DriverCommandExecutor.invokeExecute(DriverCommandExecutor.java:216)
	at org.openqa.selenium.remote.service.DriverCommandExecutor.execute(DriverCommandExecutor.java:174)
	at org.openqa.selenium.remote.RemoteWebDriver.execute(RemoteWebDriver.java:545)
	at org.openqa.selenium.remote.RemoteWebElement.execute(RemoteWebElement.java:223)
	at org.openqa.selenium.remote.RemoteWebElement.click(RemoteWebElement.java:76)
	at org.openqa.selenium.support.pagefactory.internal.LocatingElementHandler.invoke(LocatingElementHandler.java:51)
	at jdk.proxy2/jdk.proxy2.$Proxy14.click(Unknown Source)
	at FrameWorkSeleniumDesign.AbstractReusableComponent.AbstractComponent.gotoCartPage(AbstractComponent.java:55)
	at FrameWorkSelenium.test.StandaloneDesign2PageObject.submitOrder(StandaloneDesign2PageObject.java:61)
	at java.base/java.util.ArrayList.forEach(ArrayList.java:1596)
	at java.base/java.util.concurrent.FutureTask.run(FutureTask.java:317)
	at java.base/java.util.concurrent.ThreadPoolExecutor.runWorker(ThreadPoolExecutor.java:1144)
	at java.base/java.util.concurrent.ThreadPoolExecutor$Worker.run(ThreadPoolExecutor.java:642)
	at java.base/java.lang.Thread.run(Thread.java:1583)
... Removed 20 stack frames</div></td></tr></table><p class="totop"><a href="#summary">back to summary</a></p>
<h3 id="m1">FrameWorkSelenium.test.StandaloneDesign2PageObject#submitOrder</h3><table class="result"><tr class="param"><th>Parameter #1</th></tr><tr class="param stripe"><td>{productName2=ZARA COAT 3, email2=chuppishetty4@gmail.com, password2=Chuppishetty4}</td></tr><tr><th>Exception</th></tr><tr><td><div class="stacktrace">java.lang.IllegalArgumentException: Keys to send should be a not null CharSequence
	at org.openqa.selenium.remote.RemoteWebElement.sendKeys(RemoteWebElement.java:96)
	at org.openqa.selenium.support.pagefactory.internal.LocatingElementHandler.invoke(LocatingElementHandler.java:51)
	at jdk.proxy2/jdk.proxy2.$Proxy14.sendKeys(Unknown Source)
	at FrameWorkSelenium.pageobjects.LandingPage.loginApplication(LandingPage.java:45)
	at FrameWorkSelenium.test.StandaloneDesign2PageObject.submitOrder(StandaloneDesign2PageObject.java:55)
	at java.base/java.util.ArrayList.forEach(ArrayList.java:1596)
	at java.base/java.util.concurrent.FutureTask.run(FutureTask.java:317)
	at java.base/java.util.concurrent.ThreadPoolExecutor.runWorker(ThreadPoolExecutor.java:1144)
	at java.base/java.util.concurrent.ThreadPoolExecutor$Worker.run(ThreadPoolExecutor.java:642)
	at java.base/java.lang.Thread.run(Thread.java:1583)
... Removed 17 stack frames</div></td></tr></table><p class="totop"><a href="#summary">back to summary</a></p>
<h3 id="m2">FrameWorkSelenium.test.StandaloneDesign2PageObject#OrderHistoryTest</h3><table class="result"><tr><th>Exception</th></tr><tr><td><div class="stacktrace">java.lang.Throwable: Method FrameWorkSelenium.test.StandaloneDesign2PageObject.OrderHistoryTest() on instance FrameWorkSelenium.test.StandaloneDesign2PageObject@196a42c3 depends on not successfully finished methods 
[FrameWorkSelenium.test.StandaloneDesign2PageObject.submitOrder() on instance FrameWorkSelenium.test.StandaloneDesign2PageObject@196a42c3]
	at java.base/java.util.ArrayList.forEach(ArrayList.java:1596)
	at java.base/java.util.concurrent.FutureTask.run(FutureTask.java:317)
	at java.base/java.util.concurrent.ThreadPoolExecutor.runWorker(ThreadPoolExecutor.java:1144)
	at java.base/java.util.concurrent.ThreadPoolExecutor$Worker.run(ThreadPoolExecutor.java:642)
	at java.base/java.lang.Thread.run(Thread.java:1583)
... Removed 8 stack frames</div></td></tr></table><p class="totop"><a href="#summary">back to summary</a></p>
<h2>ErrorValidations</h2><h3 id="m3">FrameWorkSelenium.test.ErrorValidations#ErrorsubmitOrder</h3><table class="result"><tr><th>Exception</th></tr><tr><td><div class="stacktrace">org.openqa.selenium.TimeoutException: Expected condition failed: waiting for visibility of Proxy element for: DefaultElementLocator &apos;By.cssSelector: [class*=&apos;FlyInOut&apos;]&apos; (tried for 5 second(s) with 500 milliseconds interval)
	at org.openqa.selenium.support.ui.WebDriverWait.timeoutException(WebDriverWait.java:84)
	at org.openqa.selenium.support.ui.FluentWait.until(FluentWait.java:228)
	at FrameWorkSeleniumDesign.AbstractReusableComponent.AbstractComponent.waitForWebElementToAppear(AbstractComponent.java:33)
	at FrameWorkSelenium.pageobjects.LandingPage.ErroMessage(LandingPage.java:59)
	at FrameWorkSelenium.test.ErrorValidations.ErrorsubmitOrder(ErrorValidations.java:30)
	at java.base/java.util.ArrayList.forEach(ArrayList.java:1596)
	at java.base/java.util.concurrent.FutureTask.run(FutureTask.java:317)
	at java.base/java.util.concurrent.ThreadPoolExecutor.runWorker(ThreadPoolExecutor.java:1144)
	at java.base/java.util.concurrent.ThreadPoolExecutor$Worker.run(ThreadPoolExecutor.java:642)
	at java.base/java.lang.Thread.run(Thread.java:1583)
Caused by: org.openqa.selenium.NoSuchElementException: Unable to locate element: [class*=&apos;FlyInOut&apos;]
For documentation on this error, please visit: https://www.selenium.dev/documentation/webdriver/troubleshooting/errors#no-such-element-exception
Build info: version: &apos;4.24.0&apos;, revision: &apos;748ffc9bc3&apos;
System info: os.name: &apos;Windows 11&apos;, os.arch: &apos;amd64&apos;, os.version: &apos;10.0&apos;, java.version: &apos;21.0.1&apos;
Driver info: org.openqa.selenium.firefox.FirefoxDriver
Command: [003140b7-5176-4b1b-8144-4594710b7fd6, findElement {using=css selector, value=[class*=&apos;FlyInOut&apos;]}]
Capabilities {acceptInsecureCerts: true, browserName: firefox, browserVersion: 133.0, moz:accessibilityChecks: false, moz:buildID: 20241121140525, moz:debuggerAddress: 127.0.0.1:48936, moz:geckodriverVersion: 0.35.0, moz:headless: false, moz:platformVersion: 10.0, moz:processID: 24220, moz:profile: C:\Users\supre\AppData\Loca..., moz:shutdownTimeout: 60000, moz:webdriverClick: true, moz:windowless: false, pageLoadStrategy: normal, platformName: windows, proxy: Proxy(), se:cdp: ws://127.0.0.1:48936/devtoo..., se:cdpVersion: 85.0, setWindowRect: true, strictFileInteractability: false, timeouts: {implicit: 0, pageLoad: 300000, script: 30000}, unhandledPromptBehavior: dismiss and notify, userAgent: Mozilla/5.0 (Windows NT 10....}
Session ID: 003140b7-5176-4b1b-8144-4594710b7fd6
	at org.openqa.selenium.remote.ErrorCodec.decode(ErrorCodec.java:167)
	at org.openqa.selenium.remote.codec.w3c.W3CHttpResponseCodec.decode(W3CHttpResponseCodec.java:138)
	at org.openqa.selenium.remote.codec.w3c.W3CHttpResponseCodec.decode(W3CHttpResponseCodec.java:50)
	at org.openqa.selenium.remote.HttpCommandExecutor.execute(HttpCommandExecutor.java:190)
	at org.openqa.selenium.remote.service.DriverCommandExecutor.invokeExecute(DriverCommandExecutor.java:216)
	at org.openqa.selenium.remote.service.DriverCommandExecutor.execute(DriverCommandExecutor.java:174)
	at org.openqa.selenium.remote.RemoteWebDriver.execute(RemoteWebDriver.java:545)
	at org.openqa.selenium.remote.ElementLocation$ElementFinder$2.findElement(ElementLocation.java:165)
	at org.openqa.selenium.remote.ElementLocation.findElement(ElementLocation.java:59)
	at org.openqa.selenium.remote.RemoteWebDriver.findElement(RemoteWebDriver.java:368)
	at org.openqa.selenium.remote.RemoteWebDriver.findElement(RemoteWebDriver.java:362)
	at org.openqa.selenium.support.pagefactory.DefaultElementLocator.findElement(DefaultElementLocator.java:68)
	at org.openqa.selenium.support.pagefactory.internal.LocatingElementHandler.invoke(LocatingElementHandler.java:38)
	at jdk.proxy2/jdk.proxy2.$Proxy14.isDisplayed(Unknown Source)
	at org.openqa.selenium.support.ui.ExpectedConditions.elementIfVisible(ExpectedConditions.java:304)
	at org.openqa.selenium.support.ui.ExpectedConditions$10.apply(ExpectedConditions.java:290)
	at org.openqa.selenium.support.ui.ExpectedConditions$10.apply(ExpectedConditions.java:287)
	at org.openqa.selenium.support.ui.FluentWait.until(FluentWait.java:203)
	... 23 more
... Removed 18 stack frames</div></td></tr></table><p class="totop"><a href="#summary">back to summary</a></p>
<h3 id="m4">FrameWorkSelenium.test.ErrorValidations#submitOrder1</h3><table class="result"><tr><th>Exception</th></tr><tr><td><div class="stacktrace">org.openqa.selenium.TimeoutException: Expected condition failed: waiting for visibility of element located by By.cssSelector: .mb-3 (tried for 5 second(s) with 500 milliseconds interval)
Build info: version: &apos;4.24.0&apos;, revision: &apos;748ffc9bc3&apos;
System info: os.name: &apos;Windows 11&apos;, os.arch: &apos;amd64&apos;, os.version: &apos;10.0&apos;, java.version: &apos;21.0.1&apos;
Driver info: org.openqa.selenium.firefox.FirefoxDriver
Capabilities {acceptInsecureCerts: true, browserName: firefox, browserVersion: 133.0, moz:accessibilityChecks: false, moz:buildID: 20241121140525, moz:debuggerAddress: 127.0.0.1:6599, moz:geckodriverVersion: 0.35.0, moz:headless: false, moz:platformVersion: 10.0, moz:processID: 32424, moz:profile: C:\Users\supre\AppData\Loca..., moz:shutdownTimeout: 60000, moz:webdriverClick: true, moz:windowless: false, pageLoadStrategy: normal, platformName: windows, proxy: Proxy(), se:cdp: ws://127.0.0.1:6599/devtool..., se:cdpVersion: 85.0, setWindowRect: true, strictFileInteractability: false, timeouts: {implicit: 0, pageLoad: 300000, script: 30000}, unhandledPromptBehavior: dismiss and notify, userAgent: Mozilla/5.0 (Windows NT 10....}
Session ID: e1f138c9-7855-4f96-8114-b8487f2e09f2
	at org.openqa.selenium.support.ui.WebDriverWait.timeoutException(WebDriverWait.java:84)
	at org.openqa.selenium.support.ui.FluentWait.until(FluentWait.java:228)
	at FrameWorkSeleniumDesign.AbstractReusableComponent.AbstractComponent.waitForElementToAppear(AbstractComponent.java:25)
	at FrameWorkSelenium.pageobjects.addToCart.getProductList(addToCart.java:39)
	at FrameWorkSelenium.test.ErrorValidations.submitOrder1(ErrorValidations.java:58)
	at java.base/java.util.ArrayList.forEach(ArrayList.java:1596)
	at java.base/java.util.concurrent.FutureTask.run(FutureTask.java:317)
	at java.base/java.util.concurrent.ThreadPoolExecutor.runWorker(ThreadPoolExecutor.java:1144)
	at java.base/java.util.concurrent.ThreadPoolExecutor$Worker.run(ThreadPoolExecutor.java:642)
	at java.base/java.lang.Thread.run(Thread.java:1583)
... Removed 15 stack frames</div></td></tr></table><p class="totop"><a href="#summary">back to summary</a></p>
<h3 id="m5">FrameWorkSelenium.test.ErrorValidations#ErrorsubmitOrder</h3><table class="result"><tr><th>Exception</th></tr><tr><td><div class="stacktrace">org.openqa.selenium.TimeoutException: Expected condition failed: waiting for visibility of Proxy element for: DefaultElementLocator &apos;By.cssSelector: [class*=&apos;FlyInOut&apos;]&apos; (tried for 5 second(s) with 500 milliseconds interval)
	at org.openqa.selenium.support.ui.WebDriverWait.timeoutException(WebDriverWait.java:84)
	at org.openqa.selenium.support.ui.FluentWait.until(FluentWait.java:228)
	at FrameWorkSeleniumDesign.AbstractReusableComponent.AbstractComponent.waitForWebElementToAppear(AbstractComponent.java:33)
	at FrameWorkSelenium.pageobjects.LandingPage.ErroMessage(LandingPage.java:59)
	at FrameWorkSelenium.test.ErrorValidations.ErrorsubmitOrder(ErrorValidations.java:30)
	at java.base/java.util.ArrayList.forEach(ArrayList.java:1596)
	at java.base/java.util.concurrent.FutureTask.run(FutureTask.java:317)
	at java.base/java.util.concurrent.ThreadPoolExecutor.runWorker(ThreadPoolExecutor.java:1144)
	at java.base/java.util.concurrent.ThreadPoolExecutor$Worker.run(ThreadPoolExecutor.java:642)
	at java.base/java.lang.Thread.run(Thread.java:1583)
Caused by: org.openqa.selenium.NoSuchElementException: Unable to locate element: [class*=&apos;FlyInOut&apos;]
For documentation on this error, please visit: https://www.selenium.dev/documentation/webdriver/troubleshooting/errors#no-such-element-exception
Build info: version: &apos;4.24.0&apos;, revision: &apos;748ffc9bc3&apos;
System info: os.name: &apos;Windows 11&apos;, os.arch: &apos;amd64&apos;, os.version: &apos;10.0&apos;, java.version: &apos;21.0.1&apos;
Driver info: org.openqa.selenium.firefox.FirefoxDriver
Command: [937263c9-ccf7-4bb2-90dc-3e3549cbc970, findElement {using=css selector, value=[class*=&apos;FlyInOut&apos;]}]
Capabilities {acceptInsecureCerts: true, browserName: firefox, browserVersion: 133.0, moz:accessibilityChecks: false, moz:buildID: 20241121140525, moz:debuggerAddress: 127.0.0.1:40891, moz:geckodriverVersion: 0.35.0, moz:headless: false, moz:platformVersion: 10.0, moz:processID: 22256, moz:profile: C:\Users\supre\AppData\Loca..., moz:shutdownTimeout: 60000, moz:webdriverClick: true, moz:windowless: false, pageLoadStrategy: normal, platformName: windows, proxy: Proxy(), se:cdp: ws://127.0.0.1:40891/devtoo..., se:cdpVersion: 85.0, setWindowRect: true, strictFileInteractability: false, timeouts: {implicit: 0, pageLoad: 300000, script: 30000}, unhandledPromptBehavior: dismiss and notify, userAgent: Mozilla/5.0 (Windows NT 10....}
Session ID: 937263c9-ccf7-4bb2-90dc-3e3549cbc970
	at org.openqa.selenium.remote.ErrorCodec.decode(ErrorCodec.java:167)
	at org.openqa.selenium.remote.codec.w3c.W3CHttpResponseCodec.decode(W3CHttpResponseCodec.java:138)
	at org.openqa.selenium.remote.codec.w3c.W3CHttpResponseCodec.decode(W3CHttpResponseCodec.java:50)
	at org.openqa.selenium.remote.HttpCommandExecutor.execute(HttpCommandExecutor.java:190)
	at org.openqa.selenium.remote.service.DriverCommandExecutor.invokeExecute(DriverCommandExecutor.java:216)
	at org.openqa.selenium.remote.service.DriverCommandExecutor.execute(DriverCommandExecutor.java:174)
	at org.openqa.selenium.remote.RemoteWebDriver.execute(RemoteWebDriver.java:545)
	at org.openqa.selenium.remote.ElementLocation$ElementFinder$2.findElement(ElementLocation.java:165)
	at org.openqa.selenium.remote.ElementLocation.findElement(ElementLocation.java:59)
	at org.openqa.selenium.remote.RemoteWebDriver.findElement(RemoteWebDriver.java:368)
	at org.openqa.selenium.remote.RemoteWebDriver.findElement(RemoteWebDriver.java:362)
	at org.openqa.selenium.support.pagefactory.DefaultElementLocator.findElement(DefaultElementLocator.java:68)
	at org.openqa.selenium.support.pagefactory.internal.LocatingElementHandler.invoke(LocatingElementHandler.java:38)
	at jdk.proxy2/jdk.proxy2.$Proxy14.isDisplayed(Unknown Source)
	at org.openqa.selenium.support.ui.ExpectedConditions.elementIfVisible(ExpectedConditions.java:304)
	at org.openqa.selenium.support.ui.ExpectedConditions$10.apply(ExpectedConditions.java:290)
	at org.openqa.selenium.support.ui.ExpectedConditions$10.apply(ExpectedConditions.java:287)
	at org.openqa.selenium.support.ui.FluentWait.until(FluentWait.java:203)
	... 23 more
... Removed 18 stack frames</div></td></tr></table><p class="totop"><a href="#summary">back to summary</a></p>
</body>
</html>
